[NotebookApp | WARNING] No nbgrader_config.py file found (rerun with --debug to see where nbgrader is looking)
[NotebookApp | INFO] Loading the validate_assignment nbgrader serverextension
[NotebookApp | INFO] Serving notebooks from local directory: /home/postskript/Promotion/Lehre/beginners_workshop/clustering/exercise
[NotebookApp | INFO] 0 active kernels
[NotebookApp | INFO] The Jupyter Notebook is running at:
[NotebookApp | INFO] http://localhost:8888/?token=9c40de5dd9a47ebbc33cbf8d230e65534c1ab51b728d7a04
[NotebookApp | INFO] Use Control-C to stop this server and shut down all kernels (twice to skip confirmation).
[NotebookApp | CRITICAL] 
    
    Copy/paste this URL into your browser when you connect for the first time,
    to login with a token:
        http://localhost:8888/?token=9c40de5dd9a47ebbc33cbf8d230e65534c1ab51b728d7a04&token=9c40de5dd9a47ebbc33cbf8d230e65534c1ab51b728d7a04
[NotebookApp | INFO] Accepting one-time-token-authenticated connection from 127.0.0.1
[NotebookApp | INFO] Creating new notebook in 
[NotebookApp | INFO] Kernel started: 5c8f16d6-070d-446c-94c9-f9d4df3186a0
[NotebookApp | INFO] Adapting to protocol v5.1 for kernel 5c8f16d6-070d-446c-94c9-f9d4df3186a0
[NotebookApp | INFO] Saving file at /kmeans.ipynb
[NotebookApp | INFO] Saving file at /kmeans.ipynb
[NotebookApp | INFO] Starting buffering for 5c8f16d6-070d-446c-94c9-f9d4df3186a0:95e2363a9a514a81824c0126a3375831
[NotebookApp | INFO] Creating new notebook in 
[NotebookApp | INFO] Kernel started: 62e2430b-c579-41b9-a30d-b6545cc3eb3f
[NotebookApp | INFO] Adapting to protocol v5.1 for kernel 62e2430b-c579-41b9-a30d-b6545cc3eb3f
[NotebookApp | INFO] Adapting to protocol v5.1 for kernel 5c8f16d6-070d-446c-94c9-f9d4df3186a0
[NotebookApp | INFO] Saving file at /color_quantization.ipynb
[NotebookApp | INFO] Saving file at /kmeans.ipynb
[NotebookApp | INFO] Starting buffering for 5c8f16d6-070d-446c-94c9-f9d4df3186a0:fd52f4c3be6742de81105c696ab66b79
[NotebookApp | INFO] Saving file at /color_quantization.ipynb
[NotebookApp | INFO] Saving file at /color_quantization.ipynb
[NotebookApp | INFO] Starting buffering for 62e2430b-c579-41b9-a30d-b6545cc3eb3f:3b27bc98224f41cb9ae892c85cbb0d64
[NotebookApp | INFO] interrupted
[NotebookApp | CRITICAL] Shutdown confirmed
[NotebookApp | INFO] Shutting down 2 kernels
[NotebookApp | INFO] Kernel shutdown: 5c8f16d6-070d-446c-94c9-f9d4df3186a0
[NotebookApp | INFO] Kernel shutdown: 62e2430b-c579-41b9-a30d-b6545cc3eb3f
[NotebookApp | WARNING] No nbgrader_config.py file found (rerun with --debug to see where nbgrader is looking)
[NotebookApp | INFO] Loading the validate_assignment nbgrader serverextension
[NotebookApp | INFO] Serving notebooks from local directory: /home/postskript/Promotion/Lehre/beginners_workshop/clustering/exercise
[NotebookApp | INFO] 0 active kernels
[NotebookApp | INFO] The Jupyter Notebook is running at:
[NotebookApp | INFO] http://localhost:8888/?token=29ff26abf95196db2304cfe2699de7facf09aaa04d5f035a
[NotebookApp | INFO] Use Control-C to stop this server and shut down all kernels (twice to skip confirmation).
[NotebookApp | CRITICAL] 
    
    Copy/paste this URL into your browser when you connect for the first time,
    to login with a token:
        http://localhost:8888/?token=29ff26abf95196db2304cfe2699de7facf09aaa04d5f035a&token=29ff26abf95196db2304cfe2699de7facf09aaa04d5f035a
[NotebookApp | INFO] Accepting one-time-token-authenticated connection from 127.0.0.1
[NotebookApp | INFO] Kernel started: e4943f3b-cb93-4020-9d67-d914104f417b
[NotebookApp | INFO] Adapting to protocol v5.1 for kernel e4943f3b-cb93-4020-9d67-d914104f417b
[NotebookApp | INFO] Saving file at /color_quantization.ipynb
[NotebookApp | INFO] Saving file at /color_quantization.ipynb
[NotebookApp | INFO] Saving file at /color_quantization.ipynb
[NotebookApp | INFO] Saving file at /color_quantization.ipynb
[NotebookApp | INFO] Saving file at /color_quantization.ipynb
[NotebookApp | INFO] Saving file at /color_quantization.ipynb
[NotebookApp | INFO] Saving file at /color_quantization.ipynb
[NotebookApp | INFO] Saving file at /color_quantization.ipynb
[NotebookApp | INFO] Saving file at /color_quantization.ipynb
[NotebookApp | INFO] Kernel started: f1115400-2486-4ab1-922b-0de031a7e467
[NotebookApp | INFO] Adapting to protocol v5.1 for kernel f1115400-2486-4ab1-922b-0de031a7e467
[NotebookApp | INFO] Saving file at /color_quantization.ipynb
[NotebookApp | INFO] Saving file at /kmeans.ipynb
[NotebookApp | INFO] Saving file at /color_quantization.ipynb
[NotebookApp | INFO] Saving file at /color_quantization.ipynb
[NotebookApp | INFO] Saving file at /color_quantization.ipynb
[NotebookApp | INFO] Saving file at /color_quantization.ipynb
[NotebookApp | INFO] Saving file at /color_quantization.ipynb
[NotebookApp | INFO] Saving file at /color_quantization.ipynb
[NotebookApp | INFO] Saving file at /color_quantization.ipynb
[NotebookApp | INFO] Saving file at /color_quantization.ipynb
[NotebookApp | INFO] Saving file at /color_quantization.ipynb
[NotebookApp | INFO] Saving file at /kmeans.ipynb
[NotebookApp | INFO] Saving file at /kmeans.ipynb
[NotebookApp | INFO] Saving file at /kmeans.ipynb
[NotebookApp | INFO] Saving file at /kmeans.ipynb
[NotebookApp | INFO] Saving file at /color_quantization.ipynb
[NotebookApp | INFO] Starting buffering for e4943f3b-cb93-4020-9d67-d914104f417b:9eb0ce2da2994dcd80db8e04d4ddba42
[NotebookApp | INFO] Starting buffering for f1115400-2486-4ab1-922b-0de031a7e467:f82039fa54f344b49fb7dc924f2ac61c
[NotebookApp | INFO] Adapting to protocol v5.1 for kernel e4943f3b-cb93-4020-9d67-d914104f417b
[NotebookApp | INFO] Adapting to protocol v5.1 for kernel f1115400-2486-4ab1-922b-0de031a7e467
[NotebookApp | INFO] Saving file at /color_quantization.ipynb
[NotebookApp | INFO] Saving file at /kmeans.ipynb
[NotebookApp | INFO] Saving file at /kmeans.ipynb
[NotebookApp | INFO] Saving file at /color_quantization.ipynb
[NotebookApp | INFO] Starting buffering for e4943f3b-cb93-4020-9d67-d914104f417b:2500d842c8cb4ad58feaa9286f91ed99
[NotebookApp | INFO] Starting buffering for f1115400-2486-4ab1-922b-0de031a7e467:faa2b42ef1e945a48ca8db4c2cac6303
[NotebookApp | INFO] interrupted
[NotebookApp | CRITICAL] Shutdown confirmed
[NotebookApp | INFO] Shutting down 2 kernels
[NotebookApp | INFO] Kernel shutdown: e4943f3b-cb93-4020-9d67-d914104f417b
[NotebookApp | INFO] Kernel shutdown: f1115400-2486-4ab1-922b-0de031a7e467
[NotebookApp | WARNING] No nbgrader_config.py file found (rerun with --debug to see where nbgrader is looking)
[NotebookApp | INFO] Loading the validate_assignment nbgrader serverextension
[NotebookApp | INFO] Serving notebooks from local directory: /home/postskript/Promotion/Lehre/beginners_workshop/clustering/exercise
[NotebookApp | INFO] 0 active kernels
[NotebookApp | INFO] The Jupyter Notebook is running at:
[NotebookApp | INFO] http://localhost:8888/?token=65aefca8bbd9b5d13959d9cb3d70b49a5ad52281527f8ad6
[NotebookApp | INFO] Use Control-C to stop this server and shut down all kernels (twice to skip confirmation).
[NotebookApp | CRITICAL] 
    
    Copy/paste this URL into your browser when you connect for the first time,
    to login with a token:
        http://localhost:8888/?token=65aefca8bbd9b5d13959d9cb3d70b49a5ad52281527f8ad6&token=65aefca8bbd9b5d13959d9cb3d70b49a5ad52281527f8ad6
[NotebookApp | INFO] Accepting one-time-token-authenticated connection from 127.0.0.1
[NotebookApp | INFO] Kernel started: a6a8a880-0731-4514-ba17-f149f5cc0888
[NotebookApp | INFO] Adapting to protocol v5.1 for kernel a6a8a880-0731-4514-ba17-f149f5cc0888
[NotebookApp | INFO] Saving file at /kmeans.ipynb
[NotebookApp | INFO] Saving file at /kmeans.ipynb
[NotebookApp | INFO] Saving file at /kmeans.ipynb
[NotebookApp | INFO] Saving file at /kmeans.ipynb
[NotebookApp | INFO] Saving file at /kmeans.ipynb
[NotebookApp | INFO] Saving file at /kmeans.ipynb
[NotebookApp | INFO] Saving file at /kmeans.ipynb
[NotebookApp | INFO] Saving file at /kmeans.ipynb
[NotebookApp | INFO] Saving file at /kmeans.ipynb
[NotebookApp | INFO] Saving file at /kmeans.ipynb
[NotebookApp | INFO] Saving file at /kmeans.ipynb
[NotebookApp | INFO] Saving file at /kmeans.ipynb
[NotebookApp | INFO] Saving file at /kmeans.ipynb
[NotebookApp | INFO] Saving file at /kmeans.ipynb
[NotebookApp | INFO] Saving file at /kmeans.ipynb
[NotebookApp | INFO] Saving file at /kmeans.ipynb
[NotebookApp | INFO] Saving file at /kmeans.ipynb
[NotebookApp | INFO] Saving file at /kmeans.ipynb
[NotebookApp | INFO] Saving file at /kmeans.ipynb
[NotebookApp | INFO] Saving file at /kmeans.ipynb
[NotebookApp | INFO] Saving file at /kmeans.ipynb
[NotebookApp | INFO] Saving file at /kmeans.ipynb
[NotebookApp | INFO] Saving file at /kmeans.ipynb
[NotebookApp | INFO] Saving file at /kmeans.ipynb
[NotebookApp | INFO] Saving file at /kmeans.ipynb
[NotebookApp | INFO] Saving file at /kmeans.ipynb
[NotebookApp | INFO] Saving file at /kmeans.ipynb
[NotebookApp | INFO] Saving file at /kmeans.ipynb
[NotebookApp | INFO] Saving file at /kmeans.ipynb
[NotebookApp | INFO] Saving file at /kmeans.ipynb
[NotebookApp | INFO] Saving file at /kmeans.ipynb
[NotebookApp | INFO] Saving file at /kmeans.ipynb
[NotebookApp | INFO] Saving file at /kmeans.ipynb
[NotebookApp | INFO] Saving file at /kmeans.ipynb
[NotebookApp | INFO] Saving file at /kmeans.ipynb
[NotebookApp | INFO] Saving file at /kmeans.ipynb
[NotebookApp | INFO] Saving file at /kmeans.ipynb
[NotebookApp | INFO] Kernel interrupted: a6a8a880-0731-4514-ba17-f149f5cc0888
[NotebookApp | INFO] Saving file at /kmeans.ipynb
[NotebookApp | INFO] Saving file at /kmeans.ipynb
[NotebookApp | INFO] Saving file at /kmeans.ipynb
[NotebookApp | INFO] Saving file at /kmeans.ipynb
[NotebookApp | INFO] Saving file at /kmeans.ipynb
[NotebookApp | INFO] Saving file at /kmeans.ipynb
[NotebookApp | INFO] Saving file at /kmeans.ipynb
[NotebookApp | INFO] Saving file at /kmeans.ipynb
[NotebookApp | INFO] Saving file at /kmeans.ipynb
[NotebookApp | INFO] Saving file at /kmeans.ipynb
[NotebookApp | INFO] Saving file at /kmeans.ipynb
[NotebookApp | INFO] Saving file at /kmeans.ipynb
[NotebookApp | INFO] Saving file at /kmeans.ipynb
[NotebookApp | INFO] Saving file at /kmeans.ipynb
[NotebookApp | INFO] Saving file at /kmeans.ipynb
[NotebookApp | INFO] Saving file at /kmeans.ipynb
[NotebookApp | INFO] Saving file at /kmeans.ipynb
[NotebookApp | INFO] Saving file at /kmeans.ipynb
[NotebookApp | INFO] Saving file at /kmeans.ipynb
[NotebookApp | INFO] Saving file at /kmeans.ipynb
[NotebookApp | INFO] Saving file at /kmeans.ipynb
[NotebookApp | INFO] Saving file at /kmeans.ipynb
[NotebookApp | INFO] Saving file at /kmeans.ipynb
[NotebookApp | INFO] Saving file at /kmeans.ipynb
[NotebookApp | INFO] Saving file at /kmeans.ipynb
[NotebookApp | INFO] Saving file at /kmeans.ipynb
[NotebookApp | INFO] Saving file at /kmeans.ipynb
[NotebookApp | INFO] Saving file at /kmeans.ipynb
[NotebookApp | INFO] Saving file at /kmeans.ipynb
[NotebookApp | INFO] Saving file at /kmeans.ipynb
[NotebookApp | INFO] Saving file at /kmeans.ipynb
[NotebookApp | INFO] Starting buffering for a6a8a880-0731-4514-ba17-f149f5cc0888:fba457ebcfe74bb0b25a742f1de1fc8f
[NotebookApp | INFO] Adapting to protocol v5.1 for kernel a6a8a880-0731-4514-ba17-f149f5cc0888
[NotebookApp | INFO] Kernel started: ee8be4dc-1403-48b6-a9d4-b0e487ca8175
[NotebookApp | INFO] Adapting to protocol v5.1 for kernel ee8be4dc-1403-48b6-a9d4-b0e487ca8175
[NotebookApp | INFO] Saving file at /color_quantization.ipynb
[NotebookApp | INFO] Saving file at /kmeans.ipynb
[NotebookApp | INFO] Saving file at /kmeans.ipynb
[NotebookApp | INFO] Saving file at /kmeans.ipynb
[NotebookApp | INFO] Saving file at /kmeans.ipynb
[NotebookApp | INFO] Saving file at /kmeans.ipynb
[NotebookApp | INFO] Saving file at /kmeans.ipynb
[NotebookApp | INFO] Saving file at /kmeans.ipynb
[NotebookApp | INFO] Saving file at /kmeans.ipynb
[NotebookApp | INFO] Saving file at /kmeans.ipynb
[NotebookApp | INFO] Saving file at /kmeans.ipynb
[NotebookApp | INFO] Saving file at /kmeans.ipynb
[NotebookApp | INFO] Saving file at /kmeans.ipynb
[NotebookApp | INFO] Saving file at /kmeans.ipynb
[NotebookApp | INFO] Saving file at /kmeans.ipynb
[NotebookApp | INFO] Saving file at /kmeans.ipynb
[NotebookApp | INFO] Starting buffering for a6a8a880-0731-4514-ba17-f149f5cc0888:d98475586cba408c95562d3070b54b73
[NotebookApp | INFO] Starting buffering for ee8be4dc-1403-48b6-a9d4-b0e487ca8175:43abedd8bb95415e8800acdc3493af14
[NotebookApp | INFO] interrupted
[NotebookApp | CRITICAL] Shutdown confirmed
[NotebookApp | INFO] Shutting down 2 kernels
[NotebookApp | INFO] Kernel shutdown: a6a8a880-0731-4514-ba17-f149f5cc0888
[NotebookApp | INFO] Kernel shutdown: ee8be4dc-1403-48b6-a9d4-b0e487ca8175
[NotebookApp | WARNING] No nbgrader_config.py file found (rerun with --debug to see where nbgrader is looking)
[NotebookApp | INFO] Loading the validate_assignment nbgrader serverextension
[NotebookApp | INFO] Serving notebooks from local directory: /home/postskript/Promotion/Lehre/beginners_workshop/clustering/exercise
[NotebookApp | INFO] 0 active kernels
[NotebookApp | INFO] The Jupyter Notebook is running at:
[NotebookApp | INFO] http://localhost:8888/?token=e3ff652a89a4986e50921e9f90e65d3442cb869ff36e8df2
[NotebookApp | INFO] Use Control-C to stop this server and shut down all kernels (twice to skip confirmation).
[NotebookApp | CRITICAL] 
    
    Copy/paste this URL into your browser when you connect for the first time,
    to login with a token:
        http://localhost:8888/?token=e3ff652a89a4986e50921e9f90e65d3442cb869ff36e8df2&token=e3ff652a89a4986e50921e9f90e65d3442cb869ff36e8df2
[NotebookApp | INFO] Accepting one-time-token-authenticated connection from 127.0.0.1
[NotebookApp | INFO] Kernel started: c013cd1c-e566-4154-a8ed-72f5a94daf27
[NotebookApp | INFO] Adapting to protocol v5.1 for kernel c013cd1c-e566-4154-a8ed-72f5a94daf27
[NotebookApp | INFO] Saving file at /kmeans.ipynb
[NotebookApp | INFO] Saving file at /kmeans.ipynb
[NotebookApp | INFO] Saving file at /kmeans.ipynb
[NotebookApp | INFO] Saving file at /kmeans.ipynb
[NotebookApp | INFO] Saving file at /kmeans.ipynb
[NotebookApp | INFO] Saving file at /kmeans.ipynb
[NotebookApp | INFO] Saving file at /kmeans.ipynb
[NotebookApp | INFO] Saving file at /kmeans.ipynb
[NotebookApp | INFO] Saving file at /kmeans.ipynb
[NotebookApp | INFO] Saving file at /kmeans.ipynb
[NotebookApp | INFO] Saving file at /kmeans.ipynb
[NotebookApp | INFO] Saving file at /kmeans.ipynb
[NotebookApp | INFO] Saving file at /kmeans.ipynb
[NotebookApp | INFO] Saving file at /kmeans.ipynb
[NotebookApp | INFO] Saving file at /kmeans.ipynb
[NotebookApp | INFO] Saving file at /kmeans.ipynb
[NotebookApp | INFO] Saving file at /kmeans.ipynb
[NotebookApp | INFO] Saving file at /kmeans.ipynb
[NotebookApp | INFO] Saving file at /kmeans.ipynb
[NotebookApp | INFO] Saving file at /kmeans.ipynb
[NotebookApp | INFO] Saving file at /kmeans.ipynb
[NotebookApp | INFO] Saving file at /kmeans.ipynb
[NotebookApp | INFO] Saving file at /kmeans.ipynb
[NotebookApp | INFO] Saving file at /kmeans.ipynb
[NotebookApp | INFO] Saving file at /kmeans.ipynb
[NotebookApp | INFO] Saving file at /kmeans.ipynb
[NotebookApp | INFO] Saving file at /kmeans.ipynb
[NotebookApp | INFO] Saving file at /kmeans.ipynb
[NotebookApp | INFO] Saving file at /kmeans.ipynb
[NotebookApp | INFO] Saving file at /kmeans.ipynb
[NotebookApp | INFO] Saving file at /kmeans.ipynb
[NotebookApp | INFO] Saving file at /kmeans.ipynb
[NotebookApp | INFO] Saving file at /kmeans.ipynb
[NotebookApp | INFO] Saving file at /kmeans.ipynb
[NotebookApp | INFO] Saving file at /kmeans.ipynb
[NotebookApp | INFO] Saving file at /kmeans.ipynb
[NotebookApp | INFO] Saving file at /kmeans.ipynb
[NotebookApp | INFO] Saving file at /kmeans.ipynb
[NotebookApp | INFO] Saving file at /kmeans.ipynb
[NotebookApp | INFO] Saving file at /kmeans.ipynb
[NotebookApp | INFO] Saving file at /kmeans.ipynb
[NotebookApp | INFO] Saving file at /kmeans.ipynb
[NotebookApp | INFO] Saving file at /kmeans.ipynb
[NotebookApp | INFO] Saving file at /kmeans.ipynb
[NotebookApp | INFO] Saving file at /kmeans.ipynb
[NotebookApp | INFO] Saving file at /kmeans.ipynb
[NotebookApp | INFO] Saving file at /kmeans.ipynb
[NotebookApp | INFO] Saving file at /kmeans.ipynb
[NotebookApp | INFO] Saving file at /kmeans.ipynb
[NotebookApp | INFO] Saving file at /kmeans.ipynb
[NotebookApp | INFO] Starting buffering for c013cd1c-e566-4154-a8ed-72f5a94daf27:744d199cd3874e3285df936305cbf4c4
[NotebookApp | INFO] Adapting to protocol v5.1 for kernel c013cd1c-e566-4154-a8ed-72f5a94daf27
[NotebookApp | INFO] Saving file at /kmeans.ipynb
[NotebookApp | INFO] Saving file at /kmeans.ipynb
[NotebookApp | INFO] Saving file at /kmeans.ipynb
[NotebookApp | INFO] Saving file at /kmeans.ipynb
[NotebookApp | INFO] Saving file at /kmeans.ipynb
[NotebookApp | INFO] Saving file at /kmeans.ipynb
[NotebookApp | INFO] Saving file at /kmeans.ipynb
[NotebookApp | INFO] Saving file at /kmeans.ipynb
[NotebookApp | INFO] Saving file at /kmeans.ipynb
[NotebookApp | INFO] Saving file at /kmeans.ipynb
[NotebookApp | INFO] Saving file at /kmeans.ipynb
[NotebookApp | INFO] Saving file at /kmeans.ipynb
[NotebookApp | INFO] Saving file at /kmeans.ipynb
[NotebookApp | INFO] Saving file at /kmeans.ipynb
[NotebookApp | INFO] Saving file at /kmeans.ipynb
[NotebookApp | INFO] Saving file at /kmeans.ipynb
[NotebookApp | INFO] Saving file at /kmeans.ipynb
[NotebookApp | INFO] Saving file at /kmeans.ipynb
[NotebookApp | INFO] Kernel interrupted: c013cd1c-e566-4154-a8ed-72f5a94daf27
[NotebookApp | INFO] Saving file at /kmeans.ipynb
[NotebookApp | INFO] Saving file at /kmeans.ipynb
[NotebookApp | INFO] Saving file at /kmeans.ipynb
[NotebookApp | INFO] Saving file at /kmeans.ipynb
[NotebookApp | INFO] Saving file at /kmeans.ipynb
[NotebookApp | INFO] Saving file at /kmeans.ipynb
[NotebookApp | INFO] Saving file at /kmeans.ipynb
[NotebookApp | INFO] Saving file at /kmeans.ipynb
[NotebookApp | INFO] Saving file at /kmeans.ipynb
[NotebookApp | INFO] Saving file at /kmeans.ipynb
[NotebookApp | INFO] Saving file at /kmeans.ipynb
[NotebookApp | INFO] Saving file at /kmeans.ipynb
[NotebookApp | INFO] Saving file at /kmeans.ipynb
[NotebookApp | INFO] Saving file at /kmeans.ipynb
[NotebookApp | INFO] Saving file at /kmeans.ipynb
[NotebookApp | INFO] Saving file at /kmeans.ipynb
[NotebookApp | INFO] Saving file at /kmeans.ipynb
[NotebookApp | INFO] Saving file at /kmeans.ipynb
[NotebookApp | INFO] Saving file at /kmeans.ipynb
[NotebookApp | INFO] Saving file at /kmeans.ipynb
[NotebookApp | INFO] Saving file at /kmeans.ipynb
[NotebookApp | INFO] Saving file at /kmeans.ipynb
[NotebookApp | INFO] Starting buffering for c013cd1c-e566-4154-a8ed-72f5a94daf27:a02ef7c819f149af885a3349af172a87
[NotebookApp | INFO] Kernel restarted: c013cd1c-e566-4154-a8ed-72f5a94daf27
[NotebookApp | INFO] Adapting to protocol v5.1 for kernel c013cd1c-e566-4154-a8ed-72f5a94daf27
[NotebookApp | INFO] Restoring connection for c013cd1c-e566-4154-a8ed-72f5a94daf27:a02ef7c819f149af885a3349af172a87
[NotebookApp | INFO] Replaying 24 buffered messages
[NotebookApp | INFO] Saving file at /kmeans.ipynb
[NotebookApp | INFO] Saving file at /kmeans.ipynb
[NotebookApp | INFO] Saving file at /kmeans.ipynb
[NotebookApp | INFO] Starting buffering for c013cd1c-e566-4154-a8ed-72f5a94daf27:a02ef7c819f149af885a3349af172a87
[NotebookApp | WARNING] Forbidden
[NotebookApp | WARNING] 403 GET /api/sessions?_=1535979083263 (127.0.0.1) 4.18ms referer=http://localhost:8888/tree
[NotebookApp | WARNING] Forbidden
[NotebookApp | WARNING] 403 GET /api/terminals?_=1535979083264 (127.0.0.1) 2.03ms referer=http://localhost:8888/tree
[NotebookApp | INFO] 302 GET /notebooks/kmeans.ipynb (127.0.0.1) 2.15ms
[NotebookApp | INFO] interrupted
[NotebookApp | INFO] 302 POST /login?next=%2Fnotebooks%2Fkmeans.ipynb (127.0.0.1) 3.99ms
[NotebookApp | WARNING] Notebook kmeans.ipynb is not trusted
[NotebookApp | INFO] Adapting to protocol v5.1 for kernel c013cd1c-e566-4154-a8ed-72f5a94daf27
[NotebookApp | WARNING] Notebook kmeans.ipynb is not trusted
[NotebookApp | INFO] Kernel started: 35ab16b4-8519-4680-894b-b7e1889f8898
[NotebookApp | INFO] Adapting to protocol v5.1 for kernel 35ab16b4-8519-4680-894b-b7e1889f8898
[NotebookApp | WARNING] Notebook kmeans_student.ipynb is not trusted
[NotebookApp | INFO] Kernel started: b4452b74-5118-4300-9203-b25173f1da26
[NotebookApp | INFO] Adapting to protocol v5.1 for kernel b4452b74-5118-4300-9203-b25173f1da26
[NotebookApp | INFO] Saving file at /kmeans_student.ipynb
[NotebookApp | INFO] Saving file at /color_quantization.ipynb
[NotebookApp | INFO] Saving file at /color_quantization.ipynb
[NotebookApp | INFO] Saving file at /color_quantization.ipynb
[NotebookApp | INFO] Saving file at /color_quantization.ipynb
[NotebookApp | INFO] Saving file at /color_quantization.ipynb
[NotebookApp | INFO] Saving file at /color_quantization.ipynb
[NotebookApp | INFO] Saving file at /color_quantization.ipynb
[NotebookApp | INFO] Saving file at /color_quantization.ipynb
[NotebookApp | INFO] Saving file at /color_quantization.ipynb
[NotebookApp | INFO] Saving file at /color_quantization.ipynb
[NotebookApp | INFO] Saving file at /color_quantization.ipynb
[NotebookApp | INFO] Saving file at /color_quantization.ipynb
[NotebookApp | INFO] Saving file at /color_quantization.ipynb
[NotebookApp | INFO] Saving file at /color_quantization.ipynb
[NotebookApp | INFO] Saving file at /color_quantization.ipynb
[NotebookApp | INFO] Saving file at /color_quantization.ipynb
[NotebookApp | INFO] Saving file at /color_quantization.ipynb
[NotebookApp | INFO] Saving file at /color_quantization.ipynb
[NotebookApp | INFO] Saving file at /color_quantization.ipynb
[NotebookApp | INFO] Saving file at /color_quantization.ipynb
[NotebookApp | INFO] Saving file at /color_quantization.ipynb
[NotebookApp | INFO] Saving file at /color_quantization.ipynb
[NotebookApp | INFO] Saving file at /color_quantization.ipynb
[NotebookApp | INFO] Saving file at /color_quantization.ipynb
[NotebookApp | INFO] Kernel interrupted: 35ab16b4-8519-4680-894b-b7e1889f8898
[NotebookApp | INFO] Saving file at /color_quantization.ipynb
[NotebookApp | INFO] Starting buffering for 35ab16b4-8519-4680-894b-b7e1889f8898:fb404ab747764df08b482e50f9ba293e
[NotebookApp | INFO] Kernel restarted: 35ab16b4-8519-4680-894b-b7e1889f8898
[NotebookApp | INFO] Adapting to protocol v5.1 for kernel 35ab16b4-8519-4680-894b-b7e1889f8898
[NotebookApp | INFO] Restoring connection for 35ab16b4-8519-4680-894b-b7e1889f8898:fb404ab747764df08b482e50f9ba293e
[NotebookApp | INFO] Replaying 8 buffered messages
[NotebookApp | INFO] Saving file at /color_quantization.ipynb
[NotebookApp | INFO] Saving file at /color_quantization.ipynb
[NotebookApp | INFO] Saving file at /color_quantization.ipynb
[NotebookApp | INFO] Saving file at /color_quantization.ipynb
[NotebookApp | INFO] Starting buffering for 35ab16b4-8519-4680-894b-b7e1889f8898:fb404ab747764df08b482e50f9ba293e
[NotebookApp | INFO] Kernel restarted: 35ab16b4-8519-4680-894b-b7e1889f8898
[NotebookApp | INFO] Adapting to protocol v5.1 for kernel 35ab16b4-8519-4680-894b-b7e1889f8898
[NotebookApp | INFO] Restoring connection for 35ab16b4-8519-4680-894b-b7e1889f8898:fb404ab747764df08b482e50f9ba293e
[NotebookApp | INFO] Replaying 8 buffered messages
[NotebookApp | INFO] Saving file at /color_quantization.ipynb
[NotebookApp | INFO] Saving file at /color_quantization.ipynb
[NotebookApp | INFO] Starting buffering for 35ab16b4-8519-4680-894b-b7e1889f8898:fb404ab747764df08b482e50f9ba293e
[NotebookApp | INFO] Kernel restarted: 35ab16b4-8519-4680-894b-b7e1889f8898
[NotebookApp | INFO] Adapting to protocol v5.1 for kernel 35ab16b4-8519-4680-894b-b7e1889f8898
[NotebookApp | INFO] Restoring connection for 35ab16b4-8519-4680-894b-b7e1889f8898:fb404ab747764df08b482e50f9ba293e
[NotebookApp | INFO] Replaying 6 buffered messages
[NotebookApp | INFO] Starting buffering for 35ab16b4-8519-4680-894b-b7e1889f8898:fb404ab747764df08b482e50f9ba293e
[NotebookApp | INFO] Starting buffering for c013cd1c-e566-4154-a8ed-72f5a94daf27:373e97fb58054b318937cac258bd3ebd
[NotebookApp | INFO] Starting buffering for b4452b74-5118-4300-9203-b25173f1da26:c8c88d93e1574e1aabe1f8ad2f2b4f42
[NotebookApp | WARNING] Forbidden
[NotebookApp | WARNING] 403 GET /api/sessions?_=1535979083271 (127.0.0.1) 2.84ms referer=http://localhost:8888/tree
[NotebookApp | WARNING] Forbidden
[NotebookApp | WARNING] 403 GET /api/terminals?_=1535979083272 (127.0.0.1) 3.76ms referer=http://localhost:8888/tree
[NotebookApp | INFO] 302 GET /tree (127.0.0.1) 2.00ms
[NotebookApp | INFO] 302 GET / (127.0.0.1) 1.43ms
[NotebookApp | INFO] 302 GET /tree? (127.0.0.1) 2.66ms
[NotebookApp | INFO] interrupted
[NotebookApp | INFO] interrupted
[NotebookApp | INFO] 302 POST /login?next=%2Ftree%3F (127.0.0.1) 4.88ms
[NotebookApp | WARNING] Notebook color_quantization-student.ipynb is not trusted
[NotebookApp | INFO] Kernel started: 72bffea3-5622-4401-ab09-be39f9357e0d
[NotebookApp | INFO] Adapting to protocol v5.1 for kernel 72bffea3-5622-4401-ab09-be39f9357e0d
[NotebookApp | INFO] Starting buffering for 72bffea3-5622-4401-ab09-be39f9357e0d:f95e87442fe046e5982a5659d865e1f4
[NotebookApp | INFO] interrupted
[NotebookApp | INFO] 302 GET /?token=e3ff652a89a4986e50921e9f90e65d3442cb869ff36e8df2 (127.0.0.1) 3.61ms
[NotebookApp | INFO] Kernel started: 92ef225e-fc39-4a69-b9df-d2d143ea1b99
[NotebookApp | INFO] Adapting to protocol v5.1 for kernel 92ef225e-fc39-4a69-b9df-d2d143ea1b99
[NotebookApp | WARNING] Notebook kmeans.ipynb is not trusted
[NotebookApp | INFO] Adapting to protocol v5.1 for kernel c013cd1c-e566-4154-a8ed-72f5a94daf27
[NotebookApp | INFO] Starting buffering for c013cd1c-e566-4154-a8ed-72f5a94daf27:d0a53d5d2b7744dbb0be913b0691b3f4
[NotebookApp | INFO] Starting buffering for 92ef225e-fc39-4a69-b9df-d2d143ea1b99:9d58e279409d4324991f9646eda93a7b
[NotebookApp | INFO] interrupted
[NotebookApp | CRITICAL] Shutdown confirmed
[NotebookApp | INFO] Shutting down 5 kernels
[NotebookApp | INFO] Kernel shutdown: c013cd1c-e566-4154-a8ed-72f5a94daf27
[NotebookApp | INFO] Kernel shutdown: 35ab16b4-8519-4680-894b-b7e1889f8898
[NotebookApp | INFO] Kernel shutdown: b4452b74-5118-4300-9203-b25173f1da26
[NotebookApp | INFO] Kernel shutdown: 72bffea3-5622-4401-ab09-be39f9357e0d
[NotebookApp | INFO] Kernel shutdown: 92ef225e-fc39-4a69-b9df-d2d143ea1b99
[NotebookApp | WARNING] No nbgrader_config.py file found (rerun with --debug to see where nbgrader is looking)
[NotebookApp | INFO] Loading the validate_assignment nbgrader serverextension
[NotebookApp | INFO] Serving notebooks from local directory: /home/postskript/Promotion/Lehre/beginners_workshop/clustering/exercise
[NotebookApp | INFO] 0 active kernels
[NotebookApp | INFO] The Jupyter Notebook is running at:
[NotebookApp | INFO] http://localhost:8888/?token=646195f9893bc694ba61a2ab35f8a71d5f9640e54e3fdb67
[NotebookApp | INFO] Use Control-C to stop this server and shut down all kernels (twice to skip confirmation).
[NotebookApp | CRITICAL] 
    
    Copy/paste this URL into your browser when you connect for the first time,
    to login with a token:
        http://localhost:8888/?token=646195f9893bc694ba61a2ab35f8a71d5f9640e54e3fdb67&token=646195f9893bc694ba61a2ab35f8a71d5f9640e54e3fdb67
[NotebookApp | INFO] Accepting one-time-token-authenticated connection from 127.0.0.1
[NotebookApp | INFO] Kernel started: 43d94f65-e536-4c42-9e0d-f92a7aef86cf
[NotebookApp | INFO] Adapting to protocol v5.1 for kernel 43d94f65-e536-4c42-9e0d-f92a7aef86cf
[NotebookApp | INFO] Saving file at /kmeans-student.ipynb
[NotebookApp | WARNING] Notebook kmeans.ipynb is not trusted
[NotebookApp | INFO] Kernel started: 3d7c1bfb-834e-4308-b90b-0211fb3e4b0a
[NotebookApp | INFO] Adapting to protocol v5.1 for kernel 3d7c1bfb-834e-4308-b90b-0211fb3e4b0a
[NotebookApp | INFO] Saving file at /kmeans.ipynb
[NotebookApp | WARNING] Notebook kmeans.ipynb is not trusted
[NotebookApp | INFO] Saving file at /kmeans-student.ipynb
[NotebookApp | INFO] Saving file at /kmeans.ipynb
[NotebookApp | WARNING] Notebook kmeans.ipynb is not trusted
[NotebookApp | INFO] Saving file at /kmeans.ipynb
[NotebookApp | WARNING] Notebook kmeans.ipynb is not trusted
[NotebookApp | INFO] Saving file at /kmeans-student.ipynb
[NotebookApp | INFO] Saving file at /kmeans.ipynb
[NotebookApp | WARNING] Notebook kmeans.ipynb is not trusted
[NotebookApp | INFO] Saving file at /kmeans-student.ipynb
[NotebookApp | INFO] Saving file at /kmeans.ipynb
[NotebookApp | WARNING] Notebook kmeans.ipynb is not trusted
[NotebookApp | INFO] Saving file at /kmeans.ipynb
[NotebookApp | WARNING] Notebook kmeans.ipynb is not trusted
[NotebookApp | INFO] Saving file at /kmeans-student.ipynb
[NotebookApp | INFO] Saving file at /kmeans.ipynb
[NotebookApp | WARNING] Notebook kmeans.ipynb is not trusted
[NotebookApp | INFO] Saving file at /kmeans-student.ipynb
[NotebookApp | INFO] Saving file at /kmeans.ipynb
[NotebookApp | WARNING] Notebook kmeans.ipynb is not trusted
[NotebookApp | INFO] Saving file at /kmeans-student.ipynb
[NotebookApp | INFO] Starting buffering for 43d94f65-e536-4c42-9e0d-f92a7aef86cf:69592ed054794edc8026e73485567596
[NotebookApp | INFO] Kernel restarted: 43d94f65-e536-4c42-9e0d-f92a7aef86cf
[NotebookApp | INFO] Adapting to protocol v5.1 for kernel 43d94f65-e536-4c42-9e0d-f92a7aef86cf
[NotebookApp | INFO] Restoring connection for 43d94f65-e536-4c42-9e0d-f92a7aef86cf:69592ed054794edc8026e73485567596
[NotebookApp | INFO] Replaying 3 buffered messages
[NotebookApp | INFO] Saving file at /kmeans.ipynb
[NotebookApp | INFO] Saving file at /kmeans-student.ipynb
[NotebookApp | INFO] Saving file at /kmeans-student.ipynb
[NotebookApp | INFO] Starting buffering for 3d7c1bfb-834e-4308-b90b-0211fb3e4b0a:5cae3c37b9c342c5b9687d73336eecd3
[NotebookApp | INFO] Kernel restarted: 3d7c1bfb-834e-4308-b90b-0211fb3e4b0a
[NotebookApp | INFO] Adapting to protocol v5.1 for kernel 3d7c1bfb-834e-4308-b90b-0211fb3e4b0a
[NotebookApp | INFO] Restoring connection for 3d7c1bfb-834e-4308-b90b-0211fb3e4b0a:5cae3c37b9c342c5b9687d73336eecd3
[NotebookApp | INFO] Replaying 6 buffered messages
[NotebookApp | INFO] Saving file at /kmeans-solution.ipynb
[NotebookApp | INFO] Saving file at /kmeans-solution.ipynb
[NotebookApp | INFO] Starting buffering for 3d7c1bfb-834e-4308-b90b-0211fb3e4b0a:5cae3c37b9c342c5b9687d73336eecd3
[NotebookApp | INFO] Starting buffering for 43d94f65-e536-4c42-9e0d-f92a7aef86cf:69592ed054794edc8026e73485567596
[NotebookApp | INFO] Kernel started: aacc6dee-1d52-4d3d-aa05-9e1d16a3227b
[NotebookApp | INFO] Kernel restarted: aacc6dee-1d52-4d3d-aa05-9e1d16a3227b
[NotebookApp | INFO] Adapting to protocol v5.1 for kernel aacc6dee-1d52-4d3d-aa05-9e1d16a3227b
[NotebookApp | WARNING] Replacing stale connection: aacc6dee-1d52-4d3d-aa05-9e1d16a3227b:dd6b68cc08ac4f5e8c6e81e24852a314
[NotebookApp | ERROR] Uncaught exception GET /api/kernels/aacc6dee-1d52-4d3d-aa05-9e1d16a3227b/channels?session_id=dd6b68cc08ac4f5e8c6e81e24852a314 (127.0.0.1)
    HTTPServerRequest(protocol='http', host='localhost:8888', method='GET', uri='/api/kernels/aacc6dee-1d52-4d3d-aa05-9e1d16a3227b/channels?session_id=dd6b68cc08ac4f5e8c6e81e24852a314', version='HTTP/1.1', remote_ip='127.0.0.1')
    Traceback (most recent call last):
      File "/home/postskript/anaconda3/envs/pyml/lib/python3.6/site-packages/tornado/web.py", line 1499, in _stack_context_handle_exception
        raise_exc_info((type, value, traceback))
      File "<string>", line 4, in raise_exc_info
      File "/home/postskript/anaconda3/envs/pyml/lib/python3.6/site-packages/tornado/stack_context.py", line 315, in wrapped
        ret = fn(*args, **kwargs)
      File "/home/postskript/anaconda3/envs/pyml/lib/python3.6/site-packages/zmq/eventloop/zmqstream.py", line 196, in <lambda>
        self.on_recv(lambda msg: callback(self, msg), copy=copy)
      File "/home/postskript/anaconda3/envs/pyml/lib/python3.6/site-packages/notebook/services/kernels/handlers.py", line 418, in _on_zmq_reply
        super(ZMQChannelsHandler, self)._on_zmq_reply(stream, msg)
      File "/home/postskript/anaconda3/envs/pyml/lib/python3.6/site-packages/notebook/base/zmqhandlers.py", line 250, in _on_zmq_reply
        self.write_message(msg, binary=isinstance(msg, bytes))
      File "/home/postskript/anaconda3/envs/pyml/lib/python3.6/site-packages/tornado/websocket.py", line 253, in write_message
        raise WebSocketClosedError()
    tornado.websocket.WebSocketClosedError
[NotebookApp | INFO] Starting buffering for aacc6dee-1d52-4d3d-aa05-9e1d16a3227b:dd6b68cc08ac4f5e8c6e81e24852a314
[NotebookApp | INFO] Adapting to protocol v5.1 for kernel aacc6dee-1d52-4d3d-aa05-9e1d16a3227b
[NotebookApp | INFO] Restoring connection for aacc6dee-1d52-4d3d-aa05-9e1d16a3227b:dd6b68cc08ac4f5e8c6e81e24852a314
[NotebookApp | INFO] Saving file at /color_quantization.ipynb
[NotebookApp | WARNING] Notebook color_quantization-student.ipynb is not trusted
[NotebookApp | INFO] Kernel started: b0bab536-b994-4c2b-911d-2bf41e5c430c
[NotebookApp | INFO] Adapting to protocol v5.1 for kernel b0bab536-b994-4c2b-911d-2bf41e5c430c
[NotebookApp | INFO] Saving file at /color_quantization-assignment.ipynb
[NotebookApp | INFO] Saving file at /color_quantization-assignment.ipynb
[NotebookApp | INFO] Saving file at /color_quantization-solution.ipynb
[NotebookApp | INFO] Saving file at /color_quantization-solution.ipynb
[NotebookApp | INFO] Saving file at /color_quantization-solution.ipynb
[NotebookApp | INFO] Saving file at /color_quantization-assignment.ipynb
[NotebookApp | INFO] Starting buffering for aacc6dee-1d52-4d3d-aa05-9e1d16a3227b:dd6b68cc08ac4f5e8c6e81e24852a314
